#
# A fatal error has been detected by the Java Runtime Environment:
#
#  EXCEPTION_ACCESS_VIOLATION (0xc0000005) at pc=0x00007ffde85bed80, pid=21552, tid=10936
#
# JRE version: OpenJDK Runtime Environment (16.0.1+9) (build 16.0.1+9-24)
# Java VM: OpenJDK 64-Bit Server VM (16.0.1+9-24, mixed mode, sharing, tiered, compressed oops, compressed class ptrs, g1 gc, windows-amd64)
# Problematic frame:
# C  [ig9icd64.dll+0x7ed80]
#
# No core dump will be written. Minidumps are not enabled by default on client versions of Windows
#
# If you would like to submit a bug report, please visit:
#   https://bugreport.java.com/bugreport/crash.jsp
# The crash happened outside the Java Virtual Machine in native code.
# See problematic frame for where to report the bug.
#

---------------  S U M M A R Y ------------

Command Line: -javaagent:C:\Program Files\JetBrains\IntelliJ IDEA Community Edition 2021.3.1\lib\idea_rt.jar=62195:C:\Program Files\JetBrains\IntelliJ IDEA Community Edition 2021.3.1\bin -Dfile.encoding=UTF-8 org.jrender.Main

Host: Intel(R) Xeon(R) CPU E3-1505M v5 @ 2.80GHz, 8 cores, 31G,  Windows 10 , 64 bit Build 19041 (10.0.19041.1566)
Time: Sat Mar 26 09:29:50 2022 US Eastern Daylight Time elapsed time: 1.474242 seconds (0d 0h 0m 1s)

---------------  T H R E A D  ---------------

Current thread (0x000001abdbd94370):  JavaThread "main" [_thread_in_native, id=10936, stack(0x000000454a200000,0x000000454a300000)]

Stack: [0x000000454a200000,0x000000454a300000],  sp=0x000000454a2fed50,  free space=1019k
Native frames: (J=compiled Java code, j=interpreted, Vv=VM code, C=native code)
C  [ig9icd64.dll+0x7ed80]

Java frames: (J=compiled Java code, j=interpreted, Vv=VM code)
j  org.lwjgl.opengl.GL11.nglDrawPixels(IIIIJ)V+0
j  org.lwjgl.opengl.GL11.glDrawPixels(IIIILjava/nio/FloatBuffer;)V+9
J 1548% c1 org.jrender.Main.test9()V (352 bytes) @ 0x000001abe3d4c174 [0x000001abe3d4a340+0x0000000000001e34]
j  org.jrender.Main.main([Ljava/lang/String;)V+0
v  ~StubRoutines::call_stub

siginfo: EXCEPTION_ACCESS_VIOLATION (0xc0000005), reading address 0x0000000000107ad0


Register to memory mapping:

RIP=0x00007ffde85bed80 ig9icd64.dll
RAX=0x0 is NULL
RBX=0x000001ab8cf10000 points into unknown readable memory: 0x0000000000000000 | 00 00 00 00 00 00 00 00
RCX=0x0 is NULL
RDX=0x0000000000107ad0 is an unknown value
RSP=0x000000454a2fed50 is pointing into the stack for thread: 0x000001abdbd94370
RBP=0x000000454a2fee80 is pointing into the stack for thread: 0x000001abdbd94370
RSI=0x000000000000012b is an unknown value
RDI=0x000001ab8cf10000 points into unknown readable memory: 0x0000000000000000 | 00 00 00 00 00 00 00 00
R8 =0x0000000000000e10 is an unknown value
R9 =0x000000000000001c is an unknown value
R10=0x0 is NULL
R11=0x000000454a2ff3e0 is pointing into the stack for thread: 0x000001abdbd94370
R12=0x00000000000001c1 is an unknown value
R13=0x000001ab8cf10000 points into unknown readable memory: 0x0000000000000000 | 00 00 00 00 00 00 00 00
R14=0x0000000000000e10 is an unknown value
R15=0x00007ffde8540000 ig9icd64.dll


Registers:
RAX=0x0000000000000000, RBX=0x000001ab8cf10000, RCX=0x0000000000000000, RDX=0x0000000000107ad0
RSP=0x000000454a2fed50, RBP=0x000000454a2fee80, RSI=0x000000000000012b, RDI=0x000001ab8cf10000
R8 =0x0000000000000e10, R9 =0x000000000000001c, R10=0x0000000000000000, R11=0x000000454a2ff3e0
R12=0x00000000000001c1, R13=0x000001ab8cf10000, R14=0x0000000000000e10, R15=0x00007ffde8540000
RIP=0x00007ffde85bed80, EFLAGS=0x0000000000010202

Top of Stack: (sp=0x000000454a2fed50)
0x000000454a2fed50:   0000000000000000 0000000000000000
0x000000454a2fed60:   0000000000000000 0000000000000000
0x000000454a2fed70:   0000000000107ad0 00007ffde8ee4590
0x000000454a2fed80:   0000000000000001 000000454a2fee80
0x000000454a2fed90:   0000000000000000 0000000000000000
0x000000454a2feda0:   0000000000000030 000001ab00000001
0x000000454a2fedb0:   0000000000107ad0 000001ab8ee42a00
0x000000454a2fedc0:   0000000000000000 0000000000000000
0x000000454a2fedd0:   00007ffde9205870 000001ab896fb080
0x000000454a2fede0:   0000012c0000012c 0000003000000000
0x000000454a2fedf0:   00000e100000000c 0000000000107ad0
0x000000454a2fee00:   0000000c89720030 00007ffd00000e40
0x000000454a2fee10:   000001ab8cf10000 000000454a2fee90
0x000000454a2fee20:   000000000000012c 000000454a2fee90
0x000000454a2fee30:   000000454a2feef0 000001ab88efbde0
0x000000454a2fee40:   000001ab8972f980 000001ab8f0d5da0 

Instructions: (pc=0x00007ffde85bed80)
0x00007ffde85bec80:   66 0f 60 c0 66 0f 61 c0 66 0f 70 c0 00 66 0f 64
0x00007ffde85bec90:   c8 f3 0f 6f 02 49 03 d1 66 0f f7 c1 49 03 f9 41
0x00007ffde85beca0:   8b c1 44 8b d1 4c 2b c0 0f 29 74 24 10 4d 8b c8
0x00007ffde85becb0:   0f 29 3c 24 49 c1 e9 07 f6 c2 0f 0f 84 af 00 00
0x00007ffde85becc0:   00 4d 85 c9 74 6b 66 66 0f 1f 84 00 00 00 00 00
0x00007ffde85becd0:   f3 0f 6f 02 41 ff c2 f3 0f 6f 4a 10 41 8b c2 f3
0x00007ffde85bece0:   0f 6f 52 20 f3 0f 6f 5a 30 f3 0f 6f 62 40 f3 0f
0x00007ffde85becf0:   6f 6a 50 f3 0f 6f 72 60 f3 0f 6f 7a 70 66 0f e7
0x00007ffde85bed00:   07 66 0f e7 4f 10 66 0f e7 57 20 66 0f e7 5f 30
0x00007ffde85bed10:   66 0f e7 67 40 66 0f e7 6f 50 66 0f e7 77 60 66
0x00007ffde85bed20:   0f e7 7f 70 48 83 ef 80 48 83 ea 80 49 3b c1 72
0x00007ffde85bed30:   9f 41 83 e0 7f 0f 84 e0 00 00 00 45 8b d0 44 8b
0x00007ffde85bed40:   c9 49 c1 ea 04 4d 85 d2 0f 84 cd 00 00 00 66 90
0x00007ffde85bed50:   f3 0f 6f 02 41 ff c1 48 83 c2 10 41 8b c1 66 0f
0x00007ffde85bed60:   e7 07 48 83 c7 10 49 3b c2 72 e5 e9 ab 00 00 00
0x00007ffde85bed70:   4d 85 c9 74 6c 66 66 66 0f 1f 84 00 00 00 00 00
0x00007ffde85bed80:   f3 0f 6f 02 41 ff c2 f3 0f 6f 4a 10 f3 0f 6f 52
0x00007ffde85bed90:   20 f3 0f 6f 5a 30 f3 0f 6f 62 40 f3 0f 6f 6a 50
0x00007ffde85beda0:   f3 0f 6f 72 60 f3 0f 6f 7a 70 48 83 ea 80 66 0f
0x00007ffde85bedb0:   e7 07 66 0f e7 4f 10 66 0f e7 57 20 66 0f e7 5f
0x00007ffde85bedc0:   30 66 0f e7 67 40 66 0f e7 6f 50 66 0f e7 77 60
0x00007ffde85bedd0:   66 0f e7 7f 70 48 83 ef 80 41 8b c2 49 3b c1 72
0x00007ffde85bede0:   9f 41 83 e0 7f 74 34 45 8b d0 44 8b c9 49 c1 ea
0x00007ffde85bedf0:   04 4d 85 d2 74 25 66 66 0f 1f 84 00 00 00 00 00
0x00007ffde85bee00:   f3 0f 6f 02 41 ff c1 66 0f e7 07 48 83 c7 10 41
0x00007ffde85bee10:   8b c1 48 83 c2 10 49 3b c2 72 e5 0f 28 74 24 10
0x00007ffde85bee20:   0f 28 3c 24 41 83 e0 0f 74 49 45 8b d0 44 8b c9
0x00007ffde85bee30:   49 c1 ea 02 4d 85 d2 74 1e 0f 1f 80 00 00 00 00
0x00007ffde85bee40:   8b 02 41 ff c1 89 07 48 83 c2 04 48 83 c7 04 41
0x00007ffde85bee50:   8b c1 49 3b c2 72 e9 41 83 e0 03 76 16 48 2b d7
0x00007ffde85bee60:   0f b6 04 3a ff c1 88 07 48 8d 7f 01 8b c1 49 3b
0x00007ffde85bee70:   c0 72 ed 48 83 c4 20 5f c3 cc cc cc cc cc cc cc 


Stack slot to memory mapping:
stack at sp + 0 slots: 0x0 is NULL
stack at sp + 1 slots: 0x0 is NULL
stack at sp + 2 slots: 0x0 is NULL
stack at sp + 3 slots: 0x0 is NULL
stack at sp + 4 slots: 0x0000000000107ad0 is an unknown value
stack at sp + 5 slots: 0x00007ffde8ee4590 ig9icd64.dll
stack at sp + 6 slots: 0x0000000000000001 is an unknown value
stack at sp + 7 slots: 0x000000454a2fee80 is pointing into the stack for thread: 0x000001abdbd94370


---------------  P R O C E S S  ---------------

Threads class SMR info:
_java_thread_list=0x000001ab8ee02920, length=13, elements={
0x000001abdbd94370, 0x000001ab88147ba0, 0x000001ab88148f80, 0x000001ab88153c70,
0x000001ab881576a0, 0x000001ab88157fb0, 0x000001ab881588c0, 0x000001ab8815d2d0,
0x000001ab88166500, 0x000001ab88c08070, 0x000001ab881263d0, 0x000001ab88e8b880,
0x000001ab88e910a0
}

Java Threads: ( => current thread )
=>0x000001abdbd94370 JavaThread "main" [_thread_in_native, id=10936, stack(0x000000454a200000,0x000000454a300000)]
  0x000001ab88147ba0 JavaThread "Reference Handler" daemon [_thread_blocked, id=5348, stack(0x000000454a900000,0x000000454aa00000)]
  0x000001ab88148f80 JavaThread "Finalizer" daemon [_thread_blocked, id=24812, stack(0x000000454aa00000,0x000000454ab00000)]
  0x000001ab88153c70 JavaThread "Signal Dispatcher" daemon [_thread_blocked, id=17832, stack(0x000000454ab00000,0x000000454ac00000)]
  0x000001ab881576a0 JavaThread "Attach Listener" daemon [_thread_blocked, id=24856, stack(0x000000454ac00000,0x000000454ad00000)]
  0x000001ab88157fb0 JavaThread "Service Thread" daemon [_thread_blocked, id=8112, stack(0x000000454ad00000,0x000000454ae00000)]
  0x000001ab881588c0 JavaThread "Monitor Deflation Thread" daemon [_thread_blocked, id=25208, stack(0x000000454ae00000,0x000000454af00000)]
  0x000001ab8815d2d0 JavaThread "C2 CompilerThread0" daemon [_thread_blocked, id=25272, stack(0x000000454af00000,0x000000454b000000)]
  0x000001ab88166500 JavaThread "C1 CompilerThread0" daemon [_thread_blocked, id=7880, stack(0x000000454b000000,0x000000454b100000)]
  0x000001ab88c08070 JavaThread "Sweeper thread" daemon [_thread_blocked, id=24748, stack(0x000000454b100000,0x000000454b200000)]
  0x000001ab881263d0 JavaThread "Common-Cleaner" daemon [_thread_blocked, id=19420, stack(0x000000454b200000,0x000000454b300000)]
  0x000001ab88e8b880 JavaThread "Monitor Ctrl-Break" daemon [_thread_in_native, id=12260, stack(0x000000454b300000,0x000000454b400000)]
  0x000001ab88e910a0 JavaThread "Notification Thread" daemon [_thread_blocked, id=25080, stack(0x000000454b400000,0x000000454b500000)]

Other Threads:
  0x000001ab88140c30 VMThread "VM Thread" [stack: 0x000000454a800000,0x000000454a900000] [id=21688]
  0x000001ab88e031e0 WatcherThread [stack: 0x000000454b500000,0x000000454b600000] [id=13792]
  0x000001abd9d7e7f0 GCTaskThread "GC Thread#0" [stack: 0x000000454a300000,0x000000454a400000] [id=21480]
  0x000001ab890bcb70 GCTaskThread "GC Thread#1" [stack: 0x000000454b700000,0x000000454b800000] [id=25152]
  0x000001ab890bce80 GCTaskThread "GC Thread#2" [stack: 0x000000454b800000,0x000000454b900000] [id=25136]
  0x000001ab88fe69a0 GCTaskThread "GC Thread#3" [stack: 0x000000454b900000,0x000000454ba00000] [id=20892]
  0x000001ab894c8350 GCTaskThread "GC Thread#4" [stack: 0x000000454ba00000,0x000000454bb00000] [id=7896]
  0x000001ab88fe5970 GCTaskThread "GC Thread#5" [stack: 0x000000454bb00000,0x000000454bc00000] [id=25052]
  0x000001ab88fd2600 GCTaskThread "GC Thread#6" [stack: 0x000000454bc00000,0x000000454bd00000] [id=5708]
  0x000001ab88fd2d90 GCTaskThread "GC Thread#7" [stack: 0x000000454bd00000,0x000000454be00000] [id=16764]
  0x000001abdbe185a0 ConcurrentGCThread "G1 Main Marker" [stack: 0x000000454a400000,0x000000454a500000] [id=18660]
  0x000001abdbe195c0 ConcurrentGCThread "G1 Conc#0" [stack: 0x000000454a500000,0x000000454a600000] [id=25148]
  0x000001abdbe6df00 ConcurrentGCThread "G1 Refine#0" [stack: 0x000000454a600000,0x000000454a700000] [id=8876]
  0x000001abdbe6e890 ConcurrentGCThread "G1 Service" [stack: 0x000000454a700000,0x000000454a800000] [id=24948]

Threads with active compile tasks:

VM state: not at safepoint (normal execution)

VM Mutex/Monitor currently owned by a thread: None

Heap address: 0x0000000602400000, size: 8156 MB, Compressed Oops mode: Zero based, Oop shift amount: 3

CDS archive(s) mapped at: [0x0000000800000000-0x0000000800bb0000-0x0000000800bb0000), size 12255232, SharedBaseAddress: 0x0000000800000000, ArchiveRelocationMode: 0.
Compressed class space mapped at: 0x0000000800c00000-0x0000000840c00000, reserved size: 1073741824
Narrow klass base: 0x0000000800000000, Narrow klass shift: 3, Narrow klass range: 0x100000000

GC Precious Log:
 CPUs: 8 total, 8 available
 Memory: 32615M
 Large Page Support: Disabled
 NUMA Support: Disabled
 Compressed Oops: Enabled (Zero based)
 Heap Region Size: 4M
 Heap Min Capacity: 8M
 Heap Initial Capacity: 512M
 Heap Max Capacity: 8156M
 Pre-touch: Disabled
 Parallel Workers: 8
 Concurrent Workers: 2
 Concurrent Refinement Workers: 8
 Periodic GC: Disabled

Heap:
 garbage-first heap   total 524288K, used 14791K [0x0000000602400000, 0x0000000800000000)
  region size 4096K, 5 young (20480K), 1 survivors (4096K)
 Metaspace       used 11430K, committed 11712K, reserved 1064960K
  class space    used 1166K, committed 1280K, reserved 1048576K

Heap Regions: E=young(eden), S=young(survivor), O=old, HS=humongous(starts), HC=humongous(continues), CS=collection set, F=free, OA=open archive, CA=closed archive, TAMS=top-at-mark-start (previous, next)
|   0|0x0000000602400000, 0x0000000602400000, 0x0000000602800000|  0%| F|  |TAMS 0x0000000602400000, 0x0000000602400000| Untracked 
|   1|0x0000000602800000, 0x0000000602800000, 0x0000000602c00000|  0%| F|  |TAMS 0x0000000602800000, 0x0000000602800000| Untracked 
|   2|0x0000000602c00000, 0x0000000602c00000, 0x0000000603000000|  0%| F|  |TAMS 0x0000000602c00000, 0x0000000602c00000| Untracked 
|   3|0x0000000603000000, 0x0000000603000000, 0x0000000603400000|  0%| F|  |TAMS 0x0000000603000000, 0x0000000603000000| Untracked 
|   4|0x0000000603400000, 0x0000000603400000, 0x0000000603800000|  0%| F|  |TAMS 0x0000000603400000, 0x0000000603400000| Untracked 
|   5|0x0000000603800000, 0x0000000603800000, 0x0000000603c00000|  0%| F|  |TAMS 0x0000000603800000, 0x0000000603800000| Untracked 
|   6|0x0000000603c00000, 0x0000000603c00000, 0x0000000604000000|  0%| F|  |TAMS 0x0000000603c00000, 0x0000000603c00000| Untracked 
|   7|0x0000000604000000, 0x0000000604000000, 0x0000000604400000|  0%| F|  |TAMS 0x0000000604000000, 0x0000000604000000| Untracked 
|   8|0x0000000604400000, 0x0000000604400000, 0x0000000604800000|  0%| F|  |TAMS 0x0000000604400000, 0x0000000604400000| Untracked 
|   9|0x0000000604800000, 0x0000000604800000, 0x0000000604c00000|  0%| F|  |TAMS 0x0000000604800000, 0x0000000604800000| Untracked 
|  10|0x0000000604c00000, 0x0000000604c00000, 0x0000000605000000|  0%| F|  |TAMS 0x0000000604c00000, 0x0000000604c00000| Untracked 
|  11|0x0000000605000000, 0x0000000605000000, 0x0000000605400000|  0%| F|  |TAMS 0x0000000605000000, 0x0000000605000000| Untracked 
|  12|0x0000000605400000, 0x0000000605400000, 0x0000000605800000|  0%| F|  |TAMS 0x0000000605400000, 0x0000000605400000| Untracked 
|  13|0x0000000605800000, 0x0000000605800000, 0x0000000605c00000|  0%| F|  |TAMS 0x0000000605800000, 0x0000000605800000| Untracked 
|  14|0x0000000605c00000, 0x0000000605c00000, 0x0000000606000000|  0%| F|  |TAMS 0x0000000605c00000, 0x0000000605c00000| Untracked 
|  15|0x0000000606000000, 0x0000000606000000, 0x0000000606400000|  0%| F|  |TAMS 0x0000000606000000, 0x0000000606000000| Untracked 
|  16|0x0000000606400000, 0x0000000606400000, 0x0000000606800000|  0%| F|  |TAMS 0x0000000606400000, 0x0000000606400000| Untracked 
|  17|0x0000000606800000, 0x0000000606800000, 0x0000000606c00000|  0%| F|  |TAMS 0x0000000606800000, 0x0000000606800000| Untracked 
|  18|0x0000000606c00000, 0x0000000606c00000, 0x0000000607000000|  0%| F|  |TAMS 0x0000000606c00000, 0x0000000606c00000| Untracked 
|  19|0x0000000607000000, 0x0000000607000000, 0x0000000607400000|  0%| F|  |TAMS 0x0000000607000000, 0x0000000607000000| Untracked 
|  20|0x0000000607400000, 0x0000000607400000, 0x0000000607800000|  0%| F|  |TAMS 0x0000000607400000, 0x0000000607400000| Untracked 
|  21|0x0000000607800000, 0x0000000607800000, 0x0000000607c00000|  0%| F|  |TAMS 0x0000000607800000, 0x0000000607800000| Untracked 
|  22|0x0000000607c00000, 0x0000000607c00000, 0x0000000608000000|  0%| F|  |TAMS 0x0000000607c00000, 0x0000000607c00000| Untracked 
|  23|0x0000000608000000, 0x0000000608000000, 0x0000000608400000|  0%| F|  |TAMS 0x0000000608000000, 0x0000000608000000| Untracked 
|  24|0x0000000608400000, 0x0000000608400000, 0x0000000608800000|  0%| F|  |TAMS 0x0000000608400000, 0x0000000608400000| Untracked 
|  25|0x0000000608800000, 0x0000000608800000, 0x0000000608c00000|  0%| F|  |TAMS 0x0000000608800000, 0x0000000608800000| Untracked 
|  26|0x0000000608c00000, 0x0000000608c00000, 0x0000000609000000|  0%| F|  |TAMS 0x0000000608c00000, 0x0000000608c00000| Untracked 
|  27|0x0000000609000000, 0x0000000609000000, 0x0000000609400000|  0%| F|  |TAMS 0x0000000609000000, 0x0000000609000000| Untracked 
|  28|0x0000000609400000, 0x0000000609400000, 0x0000000609800000|  0%| F|  |TAMS 0x0000000609400000, 0x0000000609400000| Untracked 
|  29|0x0000000609800000, 0x0000000609800000, 0x0000000609c00000|  0%| F|  |TAMS 0x0000000609800000, 0x0000000609800000| Untracked 
|  30|0x0000000609c00000, 0x0000000609c00000, 0x000000060a000000|  0%| F|  |TAMS 0x0000000609c00000, 0x0000000609c00000| Untracked 
|  31|0x000000060a000000, 0x000000060a000000, 0x000000060a400000|  0%| F|  |TAMS 0x000000060a000000, 0x000000060a000000| Untracked 
|  32|0x000000060a400000, 0x000000060a400000, 0x000000060a800000|  0%| F|  |TAMS 0x000000060a400000, 0x000000060a400000| Untracked 
|  33|0x000000060a800000, 0x000000060a800000, 0x000000060ac00000|  0%| F|  |TAMS 0x000000060a800000, 0x000000060a800000| Untracked 
|  34|0x000000060ac00000, 0x000000060ac00000, 0x000000060b000000|  0%| F|  |TAMS 0x000000060ac00000, 0x000000060ac00000| Untracked 
|  35|0x000000060b000000, 0x000000060b000000, 0x000000060b400000|  0%| F|  |TAMS 0x000000060b000000, 0x000000060b000000| Untracked 
|  36|0x000000060b400000, 0x000000060b400000, 0x000000060b800000|  0%| F|  |TAMS 0x000000060b400000, 0x000000060b400000| Untracked 
|  37|0x000000060b800000, 0x000000060b800000, 0x000000060bc00000|  0%| F|  |TAMS 0x000000060b800000, 0x000000060b800000| Untracked 
|  38|0x000000060bc00000, 0x000000060bc00000, 0x000000060c000000|  0%| F|  |TAMS 0x000000060bc00000, 0x000000060bc00000| Untracked 
|  39|0x000000060c000000, 0x000000060c000000, 0x000000060c400000|  0%| F|  |TAMS 0x000000060c000000, 0x000000060c000000| Untracked 
|  40|0x000000060c400000, 0x000000060c400000, 0x000000060c800000|  0%| F|  |TAMS 0x000000060c400000, 0x000000060c400000| Untracked 
|  41|0x000000060c800000, 0x000000060c800000, 0x000000060cc00000|  0%| F|  |TAMS 0x000000060c800000, 0x000000060c800000| Untracked 
|  42|0x000000060cc00000, 0x000000060cc00000, 0x000000060d000000|  0%| F|  |TAMS 0x000000060cc00000, 0x000000060cc00000| Untracked 
|  43|0x000000060d000000, 0x000000060d000000, 0x000000060d400000|  0%| F|  |TAMS 0x000000060d000000, 0x000000060d000000| Untracked 
|  44|0x000000060d400000, 0x000000060d400000, 0x000000060d800000|  0%| F|  |TAMS 0x000000060d400000, 0x000000060d400000| Untracked 
|  45|0x000000060d800000, 0x000000060d800000, 0x000000060dc00000|  0%| F|  |TAMS 0x000000060d800000, 0x000000060d800000| Untracked 
|  46|0x000000060dc00000, 0x000000060dc00000, 0x000000060e000000|  0%| F|  |TAMS 0x000000060dc00000, 0x000000060dc00000| Untracked 
|  47|0x000000060e000000, 0x000000060e000000, 0x000000060e400000|  0%| F|  |TAMS 0x000000060e000000, 0x000000060e000000| Untracked 
|  48|0x000000060e400000, 0x000000060e400000, 0x000000060e800000|  0%| F|  |TAMS 0x000000060e400000, 0x000000060e400000| Untracked 
|  49|0x000000060e800000, 0x000000060e800000, 0x000000060ec00000|  0%| F|  |TAMS 0x000000060e800000, 0x000000060e800000| Untracked 
|  50|0x000000060ec00000, 0x000000060ec00000, 0x000000060f000000|  0%| F|  |TAMS 0x000000060ec00000, 0x000000060ec00000| Untracked 
|  51|0x000000060f000000, 0x000000060f000000, 0x000000060f400000|  0%| F|  |TAMS 0x000000060f000000, 0x000000060f000000| Untracked 
|  52|0x000000060f400000, 0x000000060f400000, 0x000000060f800000|  0%| F|  |TAMS 0x000000060f400000, 0x000000060f400000| Untracked 
|  53|0x000000060f800000, 0x000000060f800000, 0x000000060fc00000|  0%| F|  |TAMS 0x000000060f800000, 0x000000060f800000| Untracked 
|  54|0x000000060fc00000, 0x000000060fc00000, 0x0000000610000000|  0%| F|  |TAMS 0x000000060fc00000, 0x000000060fc00000| Untracked 
|  55|0x0000000610000000, 0x0000000610000000, 0x0000000610400000|  0%| F|  |TAMS 0x0000000610000000, 0x0000000610000000| Untracked 
|  56|0x0000000610400000, 0x0000000610400000, 0x0000000610800000|  0%| F|  |TAMS 0x0000000610400000, 0x0000000610400000| Untracked 
|  57|0x0000000610800000, 0x0000000610800000, 0x0000000610c00000|  0%| F|  |TAMS 0x0000000610800000, 0x0000000610800000| Untracked 
|  58|0x0000000610c00000, 0x0000000610c00000, 0x0000000611000000|  0%| F|  |TAMS 0x0000000610c00000, 0x0000000610c00000| Untracked 
|  59|0x0000000611000000, 0x0000000611000000, 0x0000000611400000|  0%| F|  |TAMS 0x0000000611000000, 0x0000000611000000| Untracked 
|  60|0x0000000611400000, 0x0000000611400000, 0x0000000611800000|  0%| F|  |TAMS 0x0000000611400000, 0x0000000611400000| Untracked 
|  61|0x0000000611800000, 0x0000000611800000, 0x0000000611c00000|  0%| F|  |TAMS 0x0000000611800000, 0x0000000611800000| Untracked 
|  62|0x0000000611c00000, 0x0000000611c00000, 0x0000000612000000|  0%| F|  |TAMS 0x0000000611c00000, 0x0000000611c00000| Untracked 
|  63|0x0000000612000000, 0x0000000612000000, 0x0000000612400000|  0%| F|  |TAMS 0x0000000612000000, 0x0000000612000000| Untracked 
|  64|0x0000000612400000, 0x0000000612400000, 0x0000000612800000|  0%| F|  |TAMS 0x0000000612400000, 0x0000000612400000| Untracked 
|  65|0x0000000612800000, 0x0000000612800000, 0x0000000612c00000|  0%| F|  |TAMS 0x0000000612800000, 0x0000000612800000| Untracked 
|  66|0x0000000612c00000, 0x0000000612c00000, 0x0000000613000000|  0%| F|  |TAMS 0x0000000612c00000, 0x0000000612c00000| Untracked 
|  67|0x0000000613000000, 0x0000000613000000, 0x0000000613400000|  0%| F|  |TAMS 0x0000000613000000, 0x0000000613000000| Untracked 
|  68|0x0000000613400000, 0x0000000613400000, 0x0000000613800000|  0%| F|  |TAMS 0x0000000613400000, 0x0000000613400000| Untracked 
|  69|0x0000000613800000, 0x0000000613800000, 0x0000000613c00000|  0%| F|  |TAMS 0x0000000613800000, 0x0000000613800000| Untracked 
|  70|0x0000000613c00000, 0x0000000613c00000, 0x0000000614000000|  0%| F|  |TAMS 0x0000000613c00000, 0x0000000613c00000| Untracked 
|  71|0x0000000614000000, 0x0000000614000000, 0x0000000614400000|  0%| F|  |TAMS 0x0000000614000000, 0x0000000614000000| Untracked 
|  72|0x0000000614400000, 0x0000000614400000, 0x0000000614800000|  0%| F|  |TAMS 0x0000000614400000, 0x0000000614400000| Untracked 
|  73|0x0000000614800000, 0x0000000614800000, 0x0000000614c00000|  0%| F|  |TAMS 0x0000000614800000, 0x0000000614800000| Untracked 
|  74|0x0000000614c00000, 0x0000000614c00000, 0x0000000615000000|  0%| F|  |TAMS 0x0000000614c00000, 0x0000000614c00000| Untracked 
|  75|0x0000000615000000, 0x0000000615000000, 0x0000000615400000|  0%| F|  |TAMS 0x0000000615000000, 0x0000000615000000| Untracked 
|  76|0x0000000615400000, 0x0000000615400000, 0x0000000615800000|  0%| F|  |TAMS 0x0000000615400000, 0x0000000615400000| Untracked 
|  77|0x0000000615800000, 0x0000000615800000, 0x0000000615c00000|  0%| F|  |TAMS 0x0000000615800000, 0x0000000615800000| Untracked 
|  78|0x0000000615c00000, 0x0000000615c00000, 0x0000000616000000|  0%| F|  |TAMS 0x0000000615c00000, 0x0000000615c00000| Untracked 
|  79|0x0000000616000000, 0x0000000616000000, 0x0000000616400000|  0%| F|  |TAMS 0x0000000616000000, 0x0000000616000000| Untracked 
|  80|0x0000000616400000, 0x0000000616400000, 0x0000000616800000|  0%| F|  |TAMS 0x0000000616400000, 0x0000000616400000| Untracked 
|  81|0x0000000616800000, 0x0000000616800000, 0x0000000616c00000|  0%| F|  |TAMS 0x0000000616800000, 0x0000000616800000| Untracked 
|  82|0x0000000616c00000, 0x0000000616c00000, 0x0000000617000000|  0%| F|  |TAMS 0x0000000616c00000, 0x0000000616c00000| Untracked 
|  83|0x0000000617000000, 0x0000000617000000, 0x0000000617400000|  0%| F|  |TAMS 0x0000000617000000, 0x0000000617000000| Untracked 
|  84|0x0000000617400000, 0x0000000617400000, 0x0000000617800000|  0%| F|  |TAMS 0x0000000617400000, 0x0000000617400000| Untracked 
|  85|0x0000000617800000, 0x0000000617800000, 0x0000000617c00000|  0%| F|  |TAMS 0x0000000617800000, 0x0000000617800000| Untracked 
|  86|0x0000000617c00000, 0x0000000617c00000, 0x0000000618000000|  0%| F|  |TAMS 0x0000000617c00000, 0x0000000617c00000| Untracked 
|  87|0x0000000618000000, 0x0000000618000000, 0x0000000618400000|  0%| F|  |TAMS 0x0000000618000000, 0x0000000618000000| Untracked 
|  88|0x0000000618400000, 0x0000000618400000, 0x0000000618800000|  0%| F|  |TAMS 0x0000000618400000, 0x0000000618400000| Untracked 
|  89|0x0000000618800000, 0x0000000618800000, 0x0000000618c00000|  0%| F|  |TAMS 0x0000000618800000, 0x0000000618800000| Untracked 
|  90|0x0000000618c00000, 0x0000000618c00000, 0x0000000619000000|  0%| F|  |TAMS 0x0000000618c00000, 0x0000000618c00000| Untracked 
|  91|0x0000000619000000, 0x0000000619000000, 0x0000000619400000|  0%| F|  |TAMS 0x0000000619000000, 0x0000000619000000| Untracked 
|  92|0x0000000619400000, 0x0000000619400000, 0x0000000619800000|  0%| F|  |TAMS 0x0000000619400000, 0x0000000619400000| Untracked 
|  93|0x0000000619800000, 0x0000000619800000, 0x0000000619c00000|  0%| F|  |TAMS 0x0000000619800000, 0x0000000619800000| Untracked 
|  94|0x0000000619c00000, 0x0000000619c00000, 0x000000061a000000|  0%| F|  |TAMS 0x0000000619c00000, 0x0000000619c00000| Untracked 
|  95|0x000000061a000000, 0x000000061a000000, 0x000000061a400000|  0%| F|  |TAMS 0x000000061a000000, 0x000000061a000000| Untracked 
|  96|0x000000061a400000, 0x000000061a400000, 0x000000061a800000|  0%| F|  |TAMS 0x000000061a400000, 0x000000061a400000| Untracked 
|  97|0x000000061a800000, 0x000000061a800000, 0x000000061ac00000|  0%| F|  |TAMS 0x000000061a800000, 0x000000061a800000| Untracked 
|  98|0x000000061ac00000, 0x000000061ac00000, 0x000000061b000000|  0%| F|  |TAMS 0x000000061ac00000, 0x000000061ac00000| Untracked 
|  99|0x000000061b000000, 0x000000061b000000, 0x000000061b400000|  0%| F|  |TAMS 0x000000061b000000, 0x000000061b000000| Untracked 
| 100|0x000000061b400000, 0x000000061b400000, 0x000000061b800000|  0%| F|  |TAMS 0x000000061b400000, 0x000000061b400000| Untracked 
| 101|0x000000061b800000, 0x000000061b800000, 0x000000061bc00000|  0%| F|  |TAMS 0x000000061b800000, 0x000000061b800000| Untracked 
| 102|0x000000061bc00000, 0x000000061bc00000, 0x000000061c000000|  0%| F|  |TAMS 0x000000061bc00000, 0x000000061bc00000| Untracked 
| 103|0x000000061c000000, 0x000000061c000000, 0x000000061c400000|  0%| F|  |TAMS 0x000000061c000000, 0x000000061c000000| Untracked 
| 104|0x000000061c400000, 0x000000061c400000, 0x000000061c800000|  0%| F|  |TAMS 0x000000061c400000, 0x000000061c400000| Untracked 
| 105|0x000000061c800000, 0x000000061c800000, 0x000000061cc00000|  0%| F|  |TAMS 0x000000061c800000, 0x000000061c800000| Untracked 
| 106|0x000000061cc00000, 0x000000061cc00000, 0x000000061d000000|  0%| F|  |TAMS 0x000000061cc00000, 0x000000061cc00000| Untracked 
| 107|0x000000061d000000, 0x000000061d000000, 0x000000061d400000|  0%| F|  |TAMS 0x000000061d000000, 0x000000061d000000| Untracked 
| 108|0x000000061d400000, 0x000000061d400000, 0x000000061d800000|  0%| F|  |TAMS 0x000000061d400000, 0x000000061d400000| Untracked 
| 109|0x000000061d800000, 0x000000061d800000, 0x000000061dc00000|  0%| F|  |TAMS 0x000000061d800000, 0x000000061d800000| Untracked 
| 110|0x000000061dc00000, 0x000000061dc00000, 0x000000061e000000|  0%| F|  |TAMS 0x000000061dc00000, 0x000000061dc00000| Untracked 
| 111|0x000000061e000000, 0x000000061e000000, 0x000000061e400000|  0%| F|  |TAMS 0x000000061e000000, 0x000000061e000000| Untracked 
| 112|0x000000061e400000, 0x000000061e400000, 0x000000061e800000|  0%| F|  |TAMS 0x000000061e400000, 0x000000061e400000| Untracked 
| 113|0x000000061e800000, 0x000000061e800000, 0x000000061ec00000|  0%| F|  |TAMS 0x000000061e800000, 0x000000061e800000| Untracked 
| 114|0x000000061ec00000, 0x000000061ec00000, 0x000000061f000000|  0%| F|  |TAMS 0x000000061ec00000, 0x000000061ec00000| Untracked 
| 115|0x000000061f000000, 0x000000061f000000, 0x000000061f400000|  0%| F|  |TAMS 0x000000061f000000, 0x000000061f000000| Untracked 
| 116|0x000000061f400000, 0x000000061f400000, 0x000000061f800000|  0%| F|  |TAMS 0x000000061f400000, 0x000000061f400000| Untracked 
| 117|0x000000061f800000, 0x000000061f800000, 0x000000061fc00000|  0%| F|  |TAMS 0x000000061f800000, 0x000000061f800000| Untracked 
| 118|0x000000061fc00000, 0x000000061fc00000, 0x0000000620000000|  0%| F|  |TAMS 0x000000061fc00000, 0x000000061fc00000| Untracked 
| 119|0x0000000620000000, 0x0000000620000000, 0x0000000620400000|  0%| F|  |TAMS 0x0000000620000000, 0x0000000620000000| Untracked 
| 120|0x0000000620400000, 0x0000000620400000, 0x0000000620800000|  0%| F|  |TAMS 0x0000000620400000, 0x0000000620400000| Untracked 
| 121|0x0000000620800000, 0x0000000620a71d70, 0x0000000620c00000| 61%| S|CS|TAMS 0x0000000620800000, 0x0000000620800000| Complete 
| 122|0x0000000620c00000, 0x0000000620c00000, 0x0000000621000000|  0%| F|  |TAMS 0x0000000620c00000, 0x0000000620c00000| Untracked 
| 123|0x0000000621000000, 0x0000000621000000, 0x0000000621400000|  0%| F|  |TAMS 0x0000000621000000, 0x0000000621000000| Untracked 
| 124|0x0000000621400000, 0x00000006215c55c8, 0x0000000621800000| 44%| E|  |TAMS 0x0000000621400000, 0x0000000621400000| Complete 
| 125|0x0000000621800000, 0x0000000621c00000, 0x0000000621c00000|100%| E|CS|TAMS 0x0000000621800000, 0x0000000621800000| Complete 
| 126|0x0000000621c00000, 0x0000000622000000, 0x0000000622000000|100%| E|CS|TAMS 0x0000000621c00000, 0x0000000621c00000| Complete 
| 127|0x0000000622000000, 0x0000000622400000, 0x0000000622400000|100%| E|CS|TAMS 0x0000000622000000, 0x0000000622000000| Complete 

Card table byte_map: [0x000001abf3820000,0x000001abf4810000] _byte_map_base: 0x000001abf080e000

Marking Bits (Prev, Next): (CMBitMap*) 0x000001abdbe06f30, (CMBitMap*) 0x000001abdbe06f70
 Prev Bits: [0x000001abf5800000, 0x000001abfd770000)
 Next Bits: [0x000001ab80000000, 0x000001ab87f70000)

Polling page: 0x000001abdb570000

Metaspace:

Usage:
  Non-class:     10.02 MB used.
      Class:      1.14 MB used.
       Both:     11.16 MB used.

Virtual space:
  Non-class space:       16.00 MB reserved,      10.19 MB ( 64%) committed,  2 nodes.
      Class space:        1.00 GB reserved,       1.25 MB ( <1%) committed,  1 nodes.
              Both:        1.02 GB reserved,      11.44 MB (  1%) committed. 

Chunk freelists:
   Non-Class:  1.28 MB
       Class:  2.64 MB
        Both:  3.92 MB

MaxMetaspaceSize: 17179869184.00 GB
CompressedClassSpaceSize: 1.00 GB
 - commit_granule_bytes: 65536.
 - commit_granule_words: 8192.
 - virtual_space_node_default_size: 1048576.
 - enlarge_chunks_in_place: 1.
 - new_chunks_are_fully_committed: 0.
 - uncommit_free_chunks: 1.
 - use_allocation_guard: 0.
 - handle_deallocations: 1.


Internal statistics:

num_allocs_failed_limit: 0.
num_arena_births: 178.
num_arena_deaths: 0.
num_vsnodes_births: 3.
num_vsnodes_deaths: 0.
num_space_committed: 181.
num_space_uncommitted: 0.
num_chunks_returned_to_freelist: 0.
num_chunks_taken_from_freelist: 430.
num_chunk_merges: 0.
num_chunk_splits: 276.
num_chunks_enlarged: 181.
num_purges: 0.

CodeHeap 'non-profiled nmethods': size=120000Kb used=493Kb max_used=493Kb free=119507Kb
 bounds [0x000001abeafd0000, 0x000001abeb240000, 0x000001abf2500000]
CodeHeap 'profiled nmethods': size=120000Kb used=2745Kb max_used=2745Kb free=117254Kb
 bounds [0x000001abe3aa0000, 0x000001abe3d50000, 0x000001abeafd0000]
CodeHeap 'non-nmethods': size=5760Kb used=1628Kb max_used=1642Kb free=4131Kb
 bounds [0x000001abe3500000, 0x000001abe3770000, 0x000001abe3aa0000]
 total_blobs=2606 nmethods=1548 adapters=971
 compilation: enabled
              stopped_count=0, restarted_count=0
 full_count=0

Compilation events (20 events):
Event: 1.413 Thread 0x000001ab88166500 1538       3       java.nio.Buffer::nextPutIndex (30 bytes)
Event: 1.414 Thread 0x000001ab88166500 nmethod 1538 0x000001abe3d47610 code [0x000001abe3d477c0, 0x000001abe3d479e8]
Event: 1.414 Thread 0x000001ab88166500 1542   !   3       jdk.internal.misc.ScopedMemoryAccess::putIntUnalignedInternal (39 bytes)
Event: 1.414 Thread 0x000001ab88166500 nmethod 1542 0x000001abe3d47b10 code [0x000001abe3d47ce0, 0x000001abe3d48098]
Event: 1.414 Thread 0x000001ab88166500 1540       3       java.nio.ByteBufferAsFloatBufferB::byteOffset (9 bytes)
Event: 1.414 Thread 0x000001ab88166500 nmethod 1540 0x000001abe3d48290 code [0x000001abe3d48420, 0x000001abe3d48538]
Event: 1.414 Thread 0x000001ab88166500 1541   !   3       jdk.internal.misc.ScopedMemoryAccess::putIntUnaligned (27 bytes)
Event: 1.414 Thread 0x000001ab88166500 nmethod 1541 0x000001abe3d48610 code [0x000001abe3d48820, 0x000001abe3d48e48]
Event: 1.414 Thread 0x000001ab88166500 1544       3       jdk.internal.misc.Unsafe::putIntUnaligned (79 bytes)
Event: 1.415 Thread 0x000001ab88166500 nmethod 1544 0x000001abe3d49110 code [0x000001abe3d492e0, 0x000001abe3d49698]
Event: 1.415 Thread 0x000001ab88166500 1543       3       jdk.internal.misc.Unsafe::putIntUnaligned (14 bytes)
Event: 1.415 Thread 0x000001ab88166500 nmethod 1543 0x000001abe3d49790 code [0x000001abe3d49940, 0x000001abe3d49b98]
Event: 1.415 Thread 0x000001ab8815d2d0 1545       4       jdk.internal.misc.Unsafe::convEndian (16 bytes)
Event: 1.416 Thread 0x000001ab8815d2d0 nmethod 1545 0x000001abeb04a910 code [0x000001abeb04aa80, 0x000001abeb04aaf8]
Event: 1.416 Thread 0x000001ab8815d2d0 1547       4       jdk.internal.misc.Unsafe::putIntUnaligned (14 bytes)
Event: 1.417 Thread 0x000001ab8815d2d0 nmethod 1547 0x000001abeb04ac10 code [0x000001abeb04ada0, 0x000001abeb04ae58]
Event: 1.417 Thread 0x000001ab8815d2d0 1546       4       java.nio.ByteBufferAsFloatBufferB::put (35 bytes)
Event: 1.418 Thread 0x000001ab8815d2d0 nmethod 1546 0x000001abeb04af10 code [0x000001abeb04b0a0, 0x000001abeb04b218]
Event: 1.424 Thread 0x000001ab88166500 1548 % !   3       org.jrender.Main::test9 @ 247 (352 bytes)
Event: 1.428 Thread 0x000001ab88166500 nmethod 1548% 0x000001abe3d49c90 code [0x000001abe3d4a340, 0x000001abe3d4d4e8]

GC Heap History (2 events):
Event: 0.706 GC heap before
{Heap before GC invocations=0 (full 0):
 garbage-first heap   total 524288K, used 24576K [0x0000000602400000, 0x0000000800000000)
  region size 4096K, 6 young (24576K), 0 survivors (0K)
 Metaspace       used 5025K, committed 5184K, reserved 1056768K
  class space    used 579K, committed 704K, reserved 1048576K
}
Event: 0.709 GC heap after
{Heap after GC invocations=1 (full 0):
 garbage-first heap   total 524288K, used 2503K [0x0000000602400000, 0x0000000800000000)
  region size 4096K, 1 young (4096K), 1 survivors (4096K)
 Metaspace       used 5025K, committed 5184K, reserved 1056768K
  class space    used 579K, committed 704K, reserved 1048576K
}

Deoptimization events (20 events):
Event: 1.041 Thread 0x000001abdbd94370 Uncommon trap: trap_request=0xffffffde fr.pc=0x000001abeb03ad4c relative=0x000000000000012c
Event: 1.041 Thread 0x000001abdbd94370 Uncommon trap: reason=class_check action=maybe_recompile pc=0x000001abeb03ad4c method=jdk.internal.misc.Unsafe.allocateUninitializedArray(Ljava/lang/Class;I)Ljava/lang/Object; @ 51 c2
Event: 1.041 Thread 0x000001abdbd94370 DEOPT PACKING pc=0x000001abeb03ad4c sp=0x000000454a2fdb20
Event: 1.041 Thread 0x000001abdbd94370 DEOPT UNPACKING pc=0x000001abe354d72e sp=0x000000454a2fdaa8 mode 2
Event: 1.041 Thread 0x000001abdbd94370 Uncommon trap: trap_request=0xffffffde fr.pc=0x000001abeb03ad4c relative=0x000000000000012c
Event: 1.041 Thread 0x000001abdbd94370 Uncommon trap: reason=class_check action=maybe_recompile pc=0x000001abeb03ad4c method=jdk.internal.misc.Unsafe.allocateUninitializedArray(Ljava/lang/Class;I)Ljava/lang/Object; @ 51 c2
Event: 1.041 Thread 0x000001abdbd94370 DEOPT PACKING pc=0x000001abeb03ad4c sp=0x000000454a2fdb20
Event: 1.041 Thread 0x000001abdbd94370 DEOPT UNPACKING pc=0x000001abe354d72e sp=0x000000454a2fdaa8 mode 2
Event: 1.041 Thread 0x000001abdbd94370 Uncommon trap: trap_request=0xffffffde fr.pc=0x000001abeb03ad4c relative=0x000000000000012c
Event: 1.041 Thread 0x000001abdbd94370 Uncommon trap: reason=class_check action=maybe_recompile pc=0x000001abeb03ad4c method=jdk.internal.misc.Unsafe.allocateUninitializedArray(Ljava/lang/Class;I)Ljava/lang/Object; @ 51 c2
Event: 1.041 Thread 0x000001abdbd94370 DEOPT PACKING pc=0x000001abeb03ad4c sp=0x000000454a2fdb20
Event: 1.041 Thread 0x000001abdbd94370 DEOPT UNPACKING pc=0x000001abe354d72e sp=0x000000454a2fdaa8 mode 2
Event: 1.312 Thread 0x000001abdbd94370 Uncommon trap: trap_request=0xffffff45 fr.pc=0x000001abeb005bb4 relative=0x0000000000000074
Event: 1.312 Thread 0x000001abdbd94370 Uncommon trap: reason=unstable_if action=reinterpret pc=0x000001abeb005bb4 method=sun.net.www.ParseUtil.firstEncodeIndex(Ljava/lang/String;)I @ 51 c2
Event: 1.312 Thread 0x000001abdbd94370 DEOPT PACKING pc=0x000001abeb005bb4 sp=0x000000454a2fe5b0
Event: 1.312 Thread 0x000001abdbd94370 DEOPT UNPACKING pc=0x000001abe354d72e sp=0x000000454a2fe538 mode 2
Event: 1.326 Thread 0x000001abdbd94370 Uncommon trap: trap_request=0xffffff54 fr.pc=0x000001abeb047f00 relative=0x0000000000000060
Event: 1.326 Thread 0x000001abdbd94370 Uncommon trap: reason=speculate_null_assert action=make_not_entrant pc=0x000001abeb047f00 method=sun.misc.Unsafe.putLong(Ljava/lang/Object;JJ)V @ 7 c2
Event: 1.326 Thread 0x000001abdbd94370 DEOPT PACKING pc=0x000001abeb047f00 sp=0x000000454a2ff2c0
Event: 1.326 Thread 0x000001abdbd94370 DEOPT UNPACKING pc=0x000001abe354d72e sp=0x000000454a2ff238 mode 2

Classes unloaded (0 events):
No events

Classes redefined (0 events):
No events

Internal exceptions (20 events):
Event: 0.861 Thread 0x000001abdbd94370 Exception <a 'java/lang/NoSuchMethodError'{0x0000000622321690}: 'java.lang.Object java.lang.invoke.DirectMethodHandle$Holder.newInvokeSpecial(java.lang.Object, java.lang.Object, java.lang.Object, java.lang.Object, java.lang.Object)'> (0x0000000622321690) 
thrown [t:\workspace\open\src\hotspot\share\interpreter\linkResolver.cpp, line 790]
Event: 0.924 Thread 0x000001abdbd94370 Exception <a 'java/lang/NoSuchMethodError'{0x0000000621cc5e40}: 'int java.lang.invoke.DirectMethodHandle$Holder.invokeStaticInit(java.lang.Object, java.lang.Object, java.lang.Object)'> (0x0000000621cc5e40) 
thrown [t:\workspace\open\src\hotspot\share\interpreter\linkResolver.cpp, line 790]
Event: 0.968 Thread 0x000001abdbd94370 Exception <a 'java/lang/NoSuchMethodError'{0x0000000621d90660}: 'int java.lang.invoke.DirectMethodHandle$Holder.invokeInterface(java.lang.Object, java.lang.Object)'> (0x0000000621d90660) 
thrown [t:\workspace\open\src\hotspot\share\interpreter\linkResolver.cpp, line 790]
Event: 0.968 Thread 0x000001abdbd94370 Exception <a 'java/lang/IncompatibleClassChangeError'{0x0000000621d93d40}: Found class java.lang.Object, but interface was expected> (0x0000000621d93d40) 
thrown [t:\workspace\open\src\hotspot\share\interpreter\linkResolver.cpp, line 857]
Event: 1.107 Thread 0x000001abdbd94370 Exception <a 'java/lang/NoSuchMethodError'{0x00000006218d2e08}: 'java.lang.Object java.lang.invoke.DirectMethodHandle$Holder.invokeStatic(java.lang.Object, java.lang.Object, int)'> (0x00000006218d2e08) 
thrown [t:\workspace\open\src\hotspot\share\interpreter\linkResolver.cpp, line 790]
Event: 1.108 Thread 0x000001abdbd94370 Exception <a 'java/lang/NoSuchMethodError'{0x00000006218def30}: 'void java.lang.invoke.DelegatingMethodHandle$Holder.delegate(java.lang.Object, java.lang.Object, int, java.lang.Object)'> (0x00000006218def30) 
thrown [t:\workspace\open\src\hotspot\share\interpreter\linkResolver.cpp, line 790]
Event: 1.132 Thread 0x000001abdbd94370 Exception <a 'sun/nio/fs/WindowsException'{0x00000006219342e8}> (0x00000006219342e8) 
thrown [t:\workspace\open\src\hotspot\share\prims\jni.cpp, line 579]
Event: 1.133 Thread 0x000001abdbd94370 Exception <a 'sun/nio/fs/WindowsException'{0x0000000621934838}> (0x0000000621934838) 
thrown [t:\workspace\open\src\hotspot\share\prims\jni.cpp, line 579]
Event: 1.140 Thread 0x000001abdbd94370 Exception <a 'java/lang/NoSuchMethodError'{0x000000062195bc90}: 'int java.lang.invoke.DirectMethodHandle$Holder.invokeStaticInit(java.lang.Object, java.lang.Object, int, long)'> (0x000000062195bc90) 
thrown [t:\workspace\open\src\hotspot\share\interpreter\linkResolver.cpp, line 790]
Event: 1.141 Thread 0x000001abdbd94370 Exception <a 'java/lang/NoSuchMethodError'{0x0000000621961780}: 'java.lang.Object java.lang.invoke.DirectMethodHandle$Holder.newInvokeSpecial(java.lang.Object, java.lang.Object, int)'> (0x0000000621961780) 
thrown [t:\workspace\open\src\hotspot\share\interpreter\linkResolver.cpp, line 790]
Event: 1.143 Thread 0x000001abdbd94370 Exception <a 'java/lang/NoSuchMethodError'{0x0000000621970bf8}: 'int java.lang.invoke.DirectMethodHandle$Holder.invokeStaticInit(java.lang.Object, java.lang.Object, long, long)'> (0x0000000621970bf8) 
thrown [t:\workspace\open\src\hotspot\share\interpreter\linkResolver.cpp, line 790]
Event: 1.143 Thread 0x000001abdbd94370 Exception <a 'java/lang/NoSuchMethodError'{0x0000000621976b40}: 'java.lang.Object java.lang.invoke.DirectMethodHandle$Holder.newInvokeSpecial(java.lang.Object, java.lang.Object, long)'> (0x0000000621976b40) 
thrown [t:\workspace\open\src\hotspot\share\interpreter\linkResolver.cpp, line 790]
Event: 1.143 Thread 0x000001abdbd94370 Exception <a 'java/lang/NoSuchMethodError'{0x000000062197a608}: 'java.lang.Object java.lang.invoke.Invokers$Holder.linkToTargetMethod(java.lang.Object, long, java.lang.Object)'> (0x000000062197a608) 
thrown [t:\workspace\open\src\hotspot\share\interpreter\linkResolver.cpp, line 790]
Event: 1.144 Thread 0x000001abdbd94370 Exception <a 'java/lang/NoSuchMethodError'{0x0000000621981e68}: 'int java.lang.invoke.DirectMethodHandle$Holder.invokeStaticInit(java.lang.Object, java.lang.Object, java.lang.Object, long)'> (0x0000000621981e68) 
thrown [t:\workspace\open\src\hotspot\share\interpreter\linkResolver.cpp, line 790]
Event: 1.164 Thread 0x000001abdbd94370 Exception <a 'sun/nio/fs/WindowsException'{0x0000000621a2b2f8}> (0x0000000621a2b2f8) 
thrown [t:\workspace\open\src\hotspot\share\prims\jni.cpp, line 579]
Event: 1.164 Thread 0x000001abdbd94370 Exception <a 'sun/nio/fs/WindowsException'{0x0000000621a2b658}> (0x0000000621a2b658) 
thrown [t:\workspace\open\src\hotspot\share\prims\jni.cpp, line 579]
Event: 1.318 Thread 0x000001abdbd94370 Exception <a 'sun/nio/fs/WindowsException'{0x0000000621abf910}> (0x0000000621abf910) 
thrown [t:\workspace\open\src\hotspot\share\prims\jni.cpp, line 579]
Event: 1.318 Thread 0x000001abdbd94370 Exception <a 'sun/nio/fs/WindowsException'{0x0000000621abfcb8}> (0x0000000621abfcb8) 
thrown [t:\workspace\open\src\hotspot\share\prims\jni.cpp, line 579]
Event: 1.322 Thread 0x000001abdbd94370 Exception <a 'sun/nio/fs/WindowsException'{0x0000000621accc00}> (0x0000000621accc00) 
thrown [t:\workspace\open\src\hotspot\share\prims\jni.cpp, line 579]
Event: 1.322 Thread 0x000001abdbd94370 Exception <a 'sun/nio/fs/WindowsException'{0x0000000621accee0}> (0x0000000621accee0) 
thrown [t:\workspace\open\src\hotspot\share\prims\jni.cpp, line 579]

Events (20 events):
Event: 1.136 loading class java/nio/DirectDoubleBufferU
Event: 1.137 loading class java/nio/DirectDoubleBufferU done
Event: 1.137 loading class sun/misc/Unsafe
Event: 1.137 loading class sun/misc/Unsafe done
Event: 1.137 loading class jdk/internal/module/IllegalAccessLogger
Event: 1.138 loading class jdk/internal/module/IllegalAccessLogger done
Event: 1.140 loading class java/util/function/LongPredicate
Event: 1.140 loading class java/util/function/LongPredicate done
Event: 1.141 loading class jdk/internal/access/foreign/MemorySegmentProxy
Event: 1.141 loading class jdk/internal/access/foreign/MemorySegmentProxy done
Event: 1.145 loading class java/nio/InvalidMarkException
Event: 1.145 loading class java/nio/InvalidMarkException done
Event: 1.145 loading class java/nio/BufferUnderflowException
Event: 1.145 loading class java/nio/BufferUnderflowException done
Event: 1.169 loading class jdk/internal/reflect/UnsafeQualifiedStaticIntegerFieldAccessorImpl
Event: 1.169 loading class jdk/internal/reflect/UnsafeQualifiedStaticIntegerFieldAccessorImpl done
Event: 1.279 Thread 0x000001ab88efe8a0 Thread exited: 0x000001ab88efe8a0
Event: 1.320 Loaded shared library C:\Users\bimal\AppData\Local\Temp\lwjglbimal\3.3.1-build-7\lwjgl_opengl.dll
Event: 1.403 loading class java/nio/ByteBufferAsFloatBufferB
Event: 1.403 loading class java/nio/ByteBufferAsFloatBufferB done


Dynamic libraries:
0x00007ff672a50000 - 0x00007ff672a5e000 	C:\Users\bimal\.jdks\openjdk-16.0.1\bin\java.exe
0x00007ffe608b0000 - 0x00007ffe60aa5000 	C:\WINDOWS\SYSTEM32\ntdll.dll
0x00007ffe60060000 - 0x00007ffe6011e000 	C:\WINDOWS\System32\KERNEL32.DLL
0x00007ffe5e230000 - 0x00007ffe5e4f8000 	C:\WINDOWS\System32\KERNELBASE.dll
0x00007ffe5e810000 - 0x00007ffe5e910000 	C:\WINDOWS\System32\ucrtbase.dll
0x00007ffe56060000 - 0x00007ffe56078000 	C:\Users\bimal\.jdks\openjdk-16.0.1\bin\jli.dll
0x00007ffe530a0000 - 0x00007ffe530b9000 	C:\Users\bimal\.jdks\openjdk-16.0.1\bin\VCRUNTIME140.dll
0x00007ffe5e910000 - 0x00007ffe5eab0000 	C:\WINDOWS\System32\USER32.dll
0x00007ffe5e600000 - 0x00007ffe5e622000 	C:\WINDOWS\System32\win32u.dll
0x00007ffe45ea0000 - 0x00007ffe4613a000 	C:\WINDOWS\WinSxS\amd64_microsoft.windows.common-controls_6595b64144ccf1df_6.0.19041.1110_none_60b5254171f9507e\COMCTL32.dll
0x00007ffe5fde0000 - 0x00007ffe5fe0b000 	C:\WINDOWS\System32\GDI32.dll
0x00007ffe5dfd0000 - 0x00007ffe5e0db000 	C:\WINDOWS\System32\gdi32full.dll
0x00007ffe5ed80000 - 0x00007ffe5ee1e000 	C:\WINDOWS\System32\msvcrt.dll
0x00007ffe5e190000 - 0x00007ffe5e22d000 	C:\WINDOWS\System32\msvcp_win.dll
0x00007ffe5f5f0000 - 0x00007ffe5f620000 	C:\WINDOWS\System32\IMM32.DLL
0x00007ffe56050000 - 0x00007ffe5605c000 	C:\Users\bimal\.jdks\openjdk-16.0.1\bin\vcruntime140_1.dll
0x00007ffe22890000 - 0x00007ffe22921000 	C:\Users\bimal\.jdks\openjdk-16.0.1\bin\msvcp140.dll
0x00007ffde9c20000 - 0x00007ffdea7cb000 	C:\Users\bimal\.jdks\openjdk-16.0.1\bin\server\jvm.dll
0x00007ffe5eec0000 - 0x00007ffe5ef6e000 	C:\WINDOWS\System32\ADVAPI32.dll
0x00007ffe5ee20000 - 0x00007ffe5eebc000 	C:\WINDOWS\System32\sechost.dll
0x00007ffe5fcb0000 - 0x00007ffe5fdd5000 	C:\WINDOWS\System32\RPCRT4.dll
0x00007ffe5fbd0000 - 0x00007ffe5fbd8000 	C:\WINDOWS\System32\PSAPI.DLL
0x00007ffe3bea0000 - 0x00007ffe3bec7000 	C:\WINDOWS\SYSTEM32\WINMM.dll
0x00007ffe42c10000 - 0x00007ffe42c19000 	C:\WINDOWS\SYSTEM32\WSOCK32.dll
0x00007ffe5cde0000 - 0x00007ffe5cdea000 	C:\WINDOWS\SYSTEM32\VERSION.dll
0x00007ffe5fbe0000 - 0x00007ffe5fc4b000 	C:\WINDOWS\System32\WS2_32.dll
0x00007ffe5cda0000 - 0x00007ffe5cdb2000 	C:\WINDOWS\SYSTEM32\kernel.appcore.dll
0x00007ffe546d0000 - 0x00007ffe546da000 	C:\Users\bimal\.jdks\openjdk-16.0.1\bin\jimage.dll
0x00007ffe5bbe0000 - 0x00007ffe5bdc4000 	C:\WINDOWS\SYSTEM32\DBGHELP.DLL
0x00007ffe42e00000 - 0x00007ffe42e2c000 	C:\WINDOWS\SYSTEM32\dbgcore.DLL
0x00007ffe5e500000 - 0x00007ffe5e582000 	C:\WINDOWS\System32\bcryptPrimitives.dll
0x00007ffe54e80000 - 0x00007ffe54e8e000 	C:\Users\bimal\.jdks\openjdk-16.0.1\bin\instrument.dll
0x00007ffe23690000 - 0x00007ffe236b5000 	C:\Users\bimal\.jdks\openjdk-16.0.1\bin\java.dll
0x00007ffe60120000 - 0x00007ffe60864000 	C:\WINDOWS\System32\SHELL32.dll
0x00007ffe5c600000 - 0x00007ffe5cd94000 	C:\WINDOWS\SYSTEM32\windows.storage.dll
0x00007ffe5f870000 - 0x00007ffe5fbc4000 	C:\WINDOWS\System32\combase.dll
0x00007ffe5d950000 - 0x00007ffe5d97c000 	C:\WINDOWS\SYSTEM32\Wldp.dll
0x00007ffe5f760000 - 0x00007ffe5f80d000 	C:\WINDOWS\System32\SHCORE.dll
0x00007ffe5fe10000 - 0x00007ffe5fe65000 	C:\WINDOWS\System32\shlwapi.dll
0x00007ffe5df10000 - 0x00007ffe5df2f000 	C:\WINDOWS\SYSTEM32\profapi.dll
0x00007ffe2c630000 - 0x00007ffe2c648000 	C:\Users\bimal\.jdks\openjdk-16.0.1\bin\zip.dll
0x00007ffe42cc0000 - 0x00007ffe42cd9000 	C:\Users\bimal\.jdks\openjdk-16.0.1\bin\net.dll
0x00007ffe52080000 - 0x00007ffe52189000 	C:\WINDOWS\SYSTEM32\WINHTTP.dll
0x00007ffe5d730000 - 0x00007ffe5d79a000 	C:\WINDOWS\system32\mswsock.dll
0x00007ffe3bf90000 - 0x00007ffe3bfa3000 	C:\Users\bimal\.jdks\openjdk-16.0.1\bin\nio.dll
0x00007ffe54e60000 - 0x00007ffe54e7a000 	C:\Program Files\JetBrains\IntelliJ IDEA Community Edition 2021.3.1\bin\breakgen64.dll
0x00007ffe54e50000 - 0x00007ffe54e59000 	C:\Users\bimal\.jdks\openjdk-16.0.1\bin\management.dll
0x00007ffe54e40000 - 0x00007ffe54e4b000 	C:\Users\bimal\.jdks\openjdk-16.0.1\bin\management_ext.dll
0x00007ffe24040000 - 0x00007ffe24057000 	C:\WINDOWS\system32\napinsp.dll
0x00007ffe201f0000 - 0x00007ffe2020b000 	C:\WINDOWS\system32\pnrpnsp.dll
0x00007ffe552a0000 - 0x00007ffe552b5000 	C:\WINDOWS\system32\wshbth.dll
0x00007ffe55d60000 - 0x00007ffe55d7d000 	C:\WINDOWS\system32\NLAapi.dll
0x00007ffe5d3f0000 - 0x00007ffe5d42b000 	C:\WINDOWS\SYSTEM32\IPHLPAPI.DLL
0x00007ffe5d440000 - 0x00007ffe5d50a000 	C:\WINDOWS\SYSTEM32\DNSAPI.dll
0x00007ffe5fe80000 - 0x00007ffe5fe88000 	C:\WINDOWS\System32\NSI.dll
0x00007ffe1ef20000 - 0x00007ffe1ef32000 	C:\WINDOWS\System32\winrnr.dll
0x00007ffe51c50000 - 0x00007ffe51c5a000 	C:\Windows\System32\rasadhlp.dll
0x00007ffe50180000 - 0x00007ffe501ff000 	C:\WINDOWS\System32\fwpuclnt.dll
0x00007ffe5e7e0000 - 0x00007ffe5e807000 	C:\WINDOWS\System32\bcrypt.dll
0x00007ffe49670000 - 0x00007ffe496e5000 	C:\Users\bimal\AppData\Local\Temp\lwjglbimal\3.3.1-build-7\lwjgl.dll
0x00007ffe49560000 - 0x00007ffe495c1000 	C:\Users\bimal\AppData\Local\Temp\lwjglbimal\3.3.1-build-7\glfw.dll
0x00007ffe52a20000 - 0x00007ffe52a65000 	C:\WINDOWS\SYSTEM32\dinput8.dll
0x00007ffe53ed0000 - 0x00007ffe53ee1000 	C:\WINDOWS\SYSTEM32\xinput1_4.dll
0x00007ffe5e790000 - 0x00007ffe5e7de000 	C:\WINDOWS\System32\cfgmgr32.dll
0x00007ffe5dd70000 - 0x00007ffe5dda3000 	C:\WINDOWS\SYSTEM32\DEVOBJ.dll
0x00007ffe5b640000 - 0x00007ffe5b66f000 	C:\WINDOWS\SYSTEM32\dwmapi.dll
0x00007ffe3f760000 - 0x00007ffe3f8b2000 	C:\WINDOWS\SYSTEM32\inputhost.dll
0x00007ffe5ef70000 - 0x00007ffe5f03d000 	C:\WINDOWS\System32\OLEAUT32.dll
0x00007ffe55d80000 - 0x00007ffe55ed4000 	C:\WINDOWS\SYSTEM32\wintypes.dll
0x00007ffe576d0000 - 0x00007ffe577c2000 	C:\WINDOWS\SYSTEM32\CoreMessaging.dll
0x00007ffe58190000 - 0x00007ffe58286000 	C:\WINDOWS\SYSTEM32\PROPSYS.dll
0x00007ffe56ff0000 - 0x00007ffe5734e000 	C:\WINDOWS\SYSTEM32\CoreUIComponents.dll
0x00007ffe5c2f0000 - 0x00007ffe5c323000 	C:\WINDOWS\SYSTEM32\ntmarta.dll
0x00007ffe57ba0000 - 0x00007ffe57c3e000 	C:\WINDOWS\system32\uxtheme.dll
0x00007ffe5eb30000 - 0x00007ffe5ec46000 	C:\WINDOWS\System32\MSCTF.dll
0x00007ffe3d010000 - 0x00007ffe3d136000 	C:\WINDOWS\SYSTEM32\opengl32.dll
0x00007ffe3cfe0000 - 0x00007ffe3d00c000 	C:\WINDOWS\SYSTEM32\GLU32.dll
0x00007ffe5f620000 - 0x00007ffe5f6c9000 	C:\WINDOWS\System32\clbcatq.dll
0x00007ffde8540000 - 0x00007ffde9504000 	C:\WINDOWS\System32\DriverStore\FileRepository\iigd_dch.inf_amd64_91e2144e79bce669\ig9icd64.dll
0x00007ffe5ec50000 - 0x00007ffe5ed7a000 	C:\WINDOWS\System32\ole32.dll
0x00007ffe5bf00000 - 0x00007ffe5bff3000 	C:\WINDOWS\system32\dxgi.dll
0x00007ffdf1550000 - 0x00007ffdf198c000 	C:\WINDOWS\System32\DriverStore\FileRepository\iigd_dch.inf_amd64_91e2144e79bce669\igdml64.dll
0x00007ffe4dad0000 - 0x00007ffe4de06000 	C:\WINDOWS\System32\DriverStore\FileRepository\iigd_dch.inf_amd64_91e2144e79bce669\igdgmm64.dll
0x00007ffe4ac80000 - 0x00007ffe4da0f000 	C:\WINDOWS\System32\DriverStore\FileRepository\iigd_dch.inf_amd64_91e2144e79bce669\igc64.dll
0x00007ffe5d560000 - 0x00007ffe5d5ab000 	C:\WINDOWS\SYSTEM32\powrprof.dll
0x00007ffe5d3d0000 - 0x00007ffe5d3e2000 	C:\WINDOWS\SYSTEM32\UMPDC.dll
0x00007ffe446e0000 - 0x00007ffe447d9000 	C:\WINDOWS\SYSTEM32\textinputframework.dll
0x00007ffe49500000 - 0x00007ffe4955d000 	C:\Users\bimal\AppData\Local\Temp\lwjglbimal\3.3.1-build-7\lwjgl_opengl.dll

dbghelp: loaded successfully - version: 4.0.5 - missing functions: none
symbol engine: initialized successfully - sym options: 0x614 - pdb path: .;C:\Users\bimal\.jdks\openjdk-16.0.1\bin;C:\WINDOWS\SYSTEM32;C:\WINDOWS\WinSxS\amd64_microsoft.windows.common-controls_6595b64144ccf1df_6.0.19041.1110_none_60b5254171f9507e;C:\Users\bimal\.jdks\openjdk-16.0.1\bin\server;C:\Program Files\JetBrains\IntelliJ IDEA Community Edition 2021.3.1\bin;C:\Users\bimal\AppData\Local\Temp\lwjglbimal\3.3.1-build-7;C:\WINDOWS\System32\DriverStore\FileRepository\iigd_dch.inf_amd64_91e2144e79bce669

VM Arguments:
jvm_args: -javaagent:C:\Program Files\JetBrains\IntelliJ IDEA Community Edition 2021.3.1\lib\idea_rt.jar=62195:C:\Program Files\JetBrains\IntelliJ IDEA Community Edition 2021.3.1\bin -Dfile.encoding=UTF-8 
java_command: org.jrender.Main
java_class_path (initial): C:\Users\bimal\IdeaProjects\jrender\target\classes;C:\Users\bimal\.m2\repository\org\apache\logging\log4j\log4j-api\2.17.1\log4j-api-2.17.1.jar;C:\Users\bimal\.m2\repository\org\apache\logging\log4j\log4j-core\2.17.1\log4j-core-2.17.1.jar;C:\Users\bimal\.m2\repository\org\lwjgl\lwjgl\3.3.1\lwjgl-3.3.1.jar;C:\Users\bimal\.m2\repository\org\lwjgl\lwjgl-assimp\3.3.1\lwjgl-assimp-3.3.1.jar;C:\Users\bimal\.m2\repository\org\lwjgl\lwjgl-glfw\3.3.1\lwjgl-glfw-3.3.1.jar;C:\Users\bimal\.m2\repository\org\lwjgl\lwjgl-openal\3.3.1\lwjgl-openal-3.3.1.jar;C:\Users\bimal\.m2\repository\org\lwjgl\lwjgl-opengl\3.3.1\lwjgl-opengl-3.3.1.jar;C:\Users\bimal\.m2\repository\org\lwjgl\lwjgl-stb\3.3.1\lwjgl-stb-3.3.1.jar;C:\Users\bimal\.m2\repository\org\lwjgl\lwjgl\3.3.1\lwjgl-3.3.1-natives-windows.jar;C:\Users\bimal\.m2\repository\org\lwjgl\lwjgl-assimp\3.3.1\lwjgl-assimp-3.3.1-natives-windows.jar;C:\Users\bimal\.m2\repository\org\lwjgl\lwjgl-glfw\3.3.1\lwjgl-glfw-3.3.1-natives-windows.jar;C:\Users\bimal\.m2\repository\org\lwjgl\lwjgl-openal\3.3.1\lwjgl-openal-3.3.1-natives-windows.jar;C:\Users\bimal\.m2\repository\org\lwjgl\lwjgl-opengl\3.3.1\lwjgl-opengl-3.3.1-natives-windows.jar;C:\Users\bimal\.m2\repository\org\lwjgl\lwjgl-stb\3.3.1\lwjgl-stb-3.3.1-natives-windows.jar
Launcher Type: SUN_STANDARD

[Global flags]
     intx CICompilerCount                          = 4                                         {product} {ergonomic}
     uint ConcGCThreads                            = 2                                         {product} {ergonomic}
     uint G1ConcRefinementThreads                  = 8                                         {product} {ergonomic}
   size_t G1HeapRegionSize                         = 4194304                                   {product} {ergonomic}
    uintx GCDrainStackTargetSize                   = 64                                        {product} {ergonomic}
   size_t InitialHeapSize                          = 536870912                                 {product} {ergonomic}
   size_t MarkStackSize                            = 4194304                                   {product} {ergonomic}
   size_t MaxHeapSize                              = 8552185856                                {product} {ergonomic}
   size_t MaxNewSize                               = 5129633792                                {product} {ergonomic}
   size_t MinHeapDeltaBytes                        = 4194304                                   {product} {ergonomic}
   size_t MinHeapSize                              = 8388608                                   {product} {ergonomic}
    uintx NonNMethodCodeHeapSize                   = 5839372                                {pd product} {ergonomic}
    uintx NonProfiledCodeHeapSize                  = 122909434                              {pd product} {ergonomic}
    uintx ProfiledCodeHeapSize                     = 122909434                              {pd product} {ergonomic}
    uintx ReservedCodeCacheSize                    = 251658240                              {pd product} {ergonomic}
     bool SegmentedCodeCache                       = true                                      {product} {ergonomic}
   size_t SoftMaxHeapSize                          = 8552185856                             {manageable} {ergonomic}
     bool UseCompressedClassPointers               = true                           {product lp64_product} {ergonomic}
     bool UseCompressedOops                        = true                           {product lp64_product} {ergonomic}
     bool UseG1GC                                  = true                                      {product} {ergonomic}
     bool UseLargePagesIndividualAllocation        = false                                  {pd product} {ergonomic}

Logging:
Log output configuration:
 #0: stdout all=warning uptime,level,tags
 #1: stderr all=off uptime,level,tags

Environment Variables:
JAVA_HOME=C:\Users\bimal\.jdks\openjdk-15
PATH=C:\Program Files\NVIDIA GPU Computing Toolkit\CUDA\v11.2\bin;C:\Program Files\NVIDIA GPU Computing Toolkit\CUDA\v11.2\libnvvp;;C:\Program Files (x86)\VMware\VMware Player\bin\;C:\Windows\system32;C:\Windows;C:\Windows\System32\Wbem;C:\Windows\System32\WindowsPowerShell\v1.0\;C:\Program Files\Intel\WiFi\bin\;C:\Program Files\Common Files\Intel\WirelessCommon\;C:\Program Files (x86)\NVIDIA Corporation\PhysX\Common;C:\WINDOWS\system32;C:\WINDOWS;C:\WINDOWS\System32\Wbem;C:\WINDOWS\System32\WindowsPowerShell\v1.0\;C:\WINDOWS\System32\OpenSSH\;C:\ProgramData\chocolatey\bin;C:\Program Files\Git\cmd;C:\Program Files\dotnet\;C:\Program Files (x86)\Windows Kits\10\Windows Performance Toolkit\;C:\Program Files (x86)\dotnet\;C:\Program Files\nodejs\;C:\Program Files\NVIDIA Corporation\Nsight Compute 2020.3.0\;C:\Program Files (x86)\Gpg4win\..\GnuPG\bin;C:\Program Files (x86)\Intel\Intel(R) Management Engine Components\DAL;C:\Program Files\Intel\Intel(R) Management Engine Components\DAL;C:\Program Files\Docker\Docker\resources\bin;C:\ProgramData\DockerDesktop\version-bin;C:\Program Files\MySQL\MySQL Shell 8.0\bin\;C:\Users\bimal\AppData\Local\Programs\Python\Python38\Scripts\;C:\Users\bimal\AppData\Local\Programs\Python\Python38\;C:\Users\bimal\AppData\Local\Microsoft\WindowsApps;C:\Users\bimal\AppData\Local\Programs\Microsoft VS Code\bin;C:\Users\bimal\.jdks\openjdk-15\bin;C:\Program Files (x86)\Microsoft Visual Studio\2019\Community\VC\Tools\MSVC\14.27.29110\bin\Hostx64\x64;C:\Users\bimal\.dotnet\tools;C:\MinGW\bin;C:\Program Files\JetBrains\IntelliJ IDEA 2020.2.2\plugins\maven\lib\maven3\bin;C:\Program Files (x86)\WiX Toolset v3.11\bin;C:\Program Files\Microsoft.Net.Compilers.3.7.0\tools;C:\Users\bimal\AppData\Roaming\Python\Python38\Scripts;C:\Program Files\heroku\bin;C:\Program Files\PostgreSQL\14\bin;C:\Users\bimal\AppData\Roaming\npm;C:\maven\apache-maven-3.8.4\bin;
USERNAME=bimal
OS=Windows_NT
PROCESSOR_IDENTIFIER=Intel64 Family 6 Model 94 Stepping 3, GenuineIntel



---------------  S Y S T E M  ---------------

OS:
 Windows 10 , 64 bit Build 19041 (10.0.19041.1566)
OS uptime: 14 days 17:05 hours
Hyper-V role detected

CPU: total 8 (initial active 8) (4 cores per cpu, 2 threads per core) family 6 model 94 stepping 3 microcode 0xea, cx8, cmov, fxsr, ht, mmx, 3dnowpref, sse, sse2, sse3, ssse3, sse4.1, sse4.2, popcnt, lzcnt, tsc, tscinvbit, avx, avx2, aes, erms, clmul, bmi1, bmi2, rtm, adx, fma, vzeroupper, clflush, clflushopt, hv

Memory: 4k page, system-wide physical 32615M (18618M free)
TotalPageFile size 37479M (AvailPageFile size 19719M)
current process WorkingSet (physical memory assigned to process): 124M, peak: 124M
current process commit charge ("private bytes"): 644M, peak: 644M

vm_info: OpenJDK 64-Bit Server VM (16.0.1+9-24) for windows-amd64 JRE (16.0.1+9-24), built on Mar 26 2021 19:30:07 by "mach5one" with MS VC++ 16.7 (VS2019)

END.
